mode: atomic
github.com/MarkEdmondson1234/gago/gago/utilities.go:11.24,12.12 1 14
github.com/MarkEdmondson1234/gago/gago/utilities.go:15.2,15.10 1 4
github.com/MarkEdmondson1234/gago/gago/utilities.go:12.12,14.3 1 10
github.com/MarkEdmondson1234/gago/gago/utilities.go:18.50,20.24 2 2
github.com/MarkEdmondson1234/gago/gago/utilities.go:25.2,25.10 1 2
github.com/MarkEdmondson1234/gago/gago/utilities.go:20.24,21.16 1 2254
github.com/MarkEdmondson1234/gago/gago/utilities.go:21.16,23.4 1 10
github.com/MarkEdmondson1234/gago/gago/utilities.go:28.65,30.24 2 5
github.com/MarkEdmondson1234/gago/gago/utilities.go:35.2,35.10 1 5
github.com/MarkEdmondson1234/gago/gago/utilities.go:30.24,31.17 1 254045
github.com/MarkEdmondson1234/gago/gago/utilities.go:31.17,33.4 1 204045
github.com/MarkEdmondson1234/gago/gago/utilities.go:38.34,40.27 2 2199
github.com/MarkEdmondson1234/gago/gago/utilities.go:43.2,43.20 1 2199
github.com/MarkEdmondson1234/gago/gago/utilities.go:40.27,42.3 1 11812
github.com/MarkEdmondson1234/gago/gago/utilities.go:46.26,48.13 1 541
github.com/MarkEdmondson1234/gago/gago/utilities.go:48.13,50.3 1 0
github.com/MarkEdmondson1234/gago/gago/utilities.go:50.8,52.3 1 541
github.com/MarkEdmondson1234/gago/gago/utilities.go:56.38,57.16 1 7
github.com/MarkEdmondson1234/gago/gago/utilities.go:57.16,60.3 2 0
github.com/MarkEdmondson1234/gago/gago/accounts.go:12.39,15.16 2 0
github.com/MarkEdmondson1234/gago/gago/accounts.go:19.2,19.44 1 0
github.com/MarkEdmondson1234/gago/gago/accounts.go:15.16,17.3 1 0
github.com/MarkEdmondson1234/gago/gago/accounts.go:19.44,22.3 1 0
github.com/MarkEdmondson1234/gago/gago/accounts.go:37.60,40.16 2 2
github.com/MarkEdmondson1234/gago/gago/accounts.go:44.2,46.51 2 2
github.com/MarkEdmondson1234/gago/gago/accounts.go:67.2,67.11 1 2
github.com/MarkEdmondson1234/gago/gago/accounts.go:40.16,42.3 1 0
github.com/MarkEdmondson1234/gago/gago/accounts.go:46.51,47.13 1 4
github.com/MarkEdmondson1234/gago/gago/accounts.go:50.3,50.40 1 4
github.com/MarkEdmondson1234/gago/gago/accounts.go:47.13,49.4 1 2
github.com/MarkEdmondson1234/gago/gago/accounts.go:50.40,52.37 1 6
github.com/MarkEdmondson1234/gago/gago/accounts.go:52.37,62.5 7 6
github.com/MarkEdmondson1234/gago/gago/antisample.go:13.91,28.42 4 1
github.com/MarkEdmondson1234/gago/gago/antisample.go:35.2,62.43 14 1
github.com/MarkEdmondson1234/gago/gago/antisample.go:88.2,99.37 8 1
github.com/MarkEdmondson1234/gago/gago/antisample.go:126.2,130.40 3 1
github.com/MarkEdmondson1234/gago/gago/antisample.go:140.2,140.19 1 1
github.com/MarkEdmondson1234/gago/gago/antisample.go:28.42,32.3 2 0
github.com/MarkEdmondson1234/gago/gago/antisample.go:62.43,64.17 1 1127
github.com/MarkEdmondson1234/gago/gago/antisample.go:68.3,72.13 2 1127
github.com/MarkEdmondson1234/gago/gago/antisample.go:77.3,79.43 3 1126
github.com/MarkEdmondson1234/gago/gago/antisample.go:86.3,86.26 1 1126
github.com/MarkEdmondson1234/gago/gago/antisample.go:64.17,65.9 1 0
github.com/MarkEdmondson1234/gago/gago/antisample.go:72.13,74.12 2 1
github.com/MarkEdmondson1234/gago/gago/antisample.go:79.43,84.4 4 4
github.com/MarkEdmondson1234/gago/gago/antisample.go:99.37,100.17 1 5
github.com/MarkEdmondson1234/gago/gago/antisample.go:104.3,120.46 3 5
github.com/MarkEdmondson1234/gago/gago/antisample.go:100.17,101.9 1 0
github.com/MarkEdmondson1234/gago/gago/antisample.go:130.40,131.26 1 5
github.com/MarkEdmondson1234/gago/gago/antisample.go:131.26,134.4 2 100
github.com/MarkEdmondson1234/gago/gago/auth.go:16.82,20.16 3 3
github.com/MarkEdmondson1234/gago/gago/auth.go:24.2,25.16 2 3
github.com/MarkEdmondson1234/gago/gago/auth.go:29.2,29.52 1 3
github.com/MarkEdmondson1234/gago/gago/auth.go:20.16,22.3 1 0
github.com/MarkEdmondson1234/gago/gago/auth.go:25.16,27.3 1 0
github.com/MarkEdmondson1234/gago/gago/reports.go:42.71,44.25 1 5
github.com/MarkEdmondson1234/gago/gago/reports.go:51.2,51.32 1 5
github.com/MarkEdmondson1234/gago/gago/reports.go:55.2,55.29 1 5
github.com/MarkEdmondson1234/gago/gago/reports.go:60.2,60.26 1 5
github.com/MarkEdmondson1234/gago/gago/reports.go:81.2,83.49 2 5
github.com/MarkEdmondson1234/gago/gago/reports.go:88.2,89.28 2 5
github.com/MarkEdmondson1234/gago/gago/reports.go:95.2,99.21 3 5
github.com/MarkEdmondson1234/gago/gago/reports.go:44.25,48.3 3 0
github.com/MarkEdmondson1234/gago/gago/reports.go:51.32,53.3 1 5
github.com/MarkEdmondson1234/gago/gago/reports.go:55.29,58.3 2 1
github.com/MarkEdmondson1234/gago/gago/reports.go:60.26,72.52 3 1
github.com/MarkEdmondson1234/gago/gago/reports.go:77.3,78.30 2 1
github.com/MarkEdmondson1234/gago/gago/reports.go:72.52,75.4 1 0
github.com/MarkEdmondson1234/gago/gago/reports.go:83.49,86.3 1 3
github.com/MarkEdmondson1234/gago/gago/reports.go:89.28,91.3 1 1
github.com/MarkEdmondson1234/gago/gago/reports.go:91.8,93.3 1 4
github.com/MarkEdmondson1234/gago/gago/reports.go:127.145,135.32 4 5
github.com/MarkEdmondson1234/gago/gago/reports.go:186.2,189.13 3 5
github.com/MarkEdmondson1234/gago/gago/reports.go:195.2,195.27 1 5
github.com/MarkEdmondson1234/gago/gago/reports.go:135.32,137.17 1 105
github.com/MarkEdmondson1234/gago/gago/reports.go:143.3,143.24 1 104
github.com/MarkEdmondson1234/gago/gago/reports.go:147.3,147.38 1 104
github.com/MarkEdmondson1234/gago/gago/reports.go:137.17,139.12 1 1
github.com/MarkEdmondson1234/gago/gago/reports.go:143.24,145.4 1 0
github.com/MarkEdmondson1234/gago/gago/reports.go:147.38,152.14 1 504
github.com/MarkEdmondson1234/gago/gago/reports.go:170.4,170.41 1 504
github.com/MarkEdmondson1234/gago/gago/reports.go:180.4,180.36 1 504
github.com/MarkEdmondson1234/gago/gago/reports.go:152.14,154.78 2 104
github.com/MarkEdmondson1234/gago/gago/reports.go:158.5,167.43 10 104
github.com/MarkEdmondson1234/gago/gago/reports.go:154.78,156.6 1 207
github.com/MarkEdmondson1234/gago/gago/reports.go:170.41,172.19 1 204045
github.com/MarkEdmondson1234/gago/gago/reports.go:175.5,177.13 3 204045
github.com/MarkEdmondson1234/gago/gago/reports.go:172.19,173.14 1 0
github.com/MarkEdmondson1234/gago/gago/reports.go:189.13,193.3 3 0
github.com/MarkEdmondson1234/gago/gago/reports.go:200.51,203.49 2 1
github.com/MarkEdmondson1234/gago/gago/reports.go:206.2,212.36 5 1
github.com/MarkEdmondson1234/gago/gago/reports.go:203.49,205.3 1 2
github.com/MarkEdmondson1234/gago/gago/reports.go:212.36,217.3 3 7
github.com/MarkEdmondson1234/gago/gago/requests.go:14.81,22.29 6 9
github.com/MarkEdmondson1234/gago/gago/requests.go:59.2,59.20 1 9
github.com/MarkEdmondson1234/gago/gago/requests.go:22.29,27.23 2 104
github.com/MarkEdmondson1234/gago/gago/requests.go:55.3,55.24 1 104
github.com/MarkEdmondson1234/gago/gago/requests.go:27.23,43.81 6 504
github.com/MarkEdmondson1234/gago/gago/requests.go:50.4,50.103 1 495
github.com/MarkEdmondson1234/gago/gago/requests.go:43.81,46.10 3 9
github.com/MarkEdmondson1234/gago/gago/requests.go:50.103,52.5 1 5
github.com/MarkEdmondson1234/gago/gago/requests.go:62.124,72.58 3 5
github.com/MarkEdmondson1234/gago/gago/requests.go:99.2,99.18 1 5
github.com/MarkEdmondson1234/gago/gago/requests.go:72.58,81.33 5 14
github.com/MarkEdmondson1234/gago/gago/requests.go:95.3,95.12 1 14
github.com/MarkEdmondson1234/gago/gago/requests.go:81.33,84.103 1 104
github.com/MarkEdmondson1234/gago/gago/requests.go:92.4,92.19 1 104
github.com/MarkEdmondson1234/gago/gago/requests.go:84.103,87.16 3 104
github.com/MarkEdmondson1234/gago/gago/requests.go:87.16,89.6 1 0
github.com/MarkEdmondson1234/gago/gago/requests.go:105.72,114.31 5 504
github.com/MarkEdmondson1234/gago/gago/requests.go:118.2,120.31 3 504
github.com/MarkEdmondson1234/gago/gago/requests.go:124.2,134.13 10 504
github.com/MarkEdmondson1234/gago/gago/requests.go:140.2,140.18 1 504
github.com/MarkEdmondson1234/gago/gago/requests.go:114.31,116.3 1 3518
github.com/MarkEdmondson1234/gago/gago/requests.go:120.31,122.3 1 1007
github.com/MarkEdmondson1234/gago/gago/requests.go:134.13,138.3 2 0
github.com/MarkEdmondson1234/gago/gago/requests.go:146.54,152.16 3 104
github.com/MarkEdmondson1234/gago/gago/requests.go:156.2,156.19 1 104
github.com/MarkEdmondson1234/gago/gago/requests.go:160.2,160.13 1 104
github.com/MarkEdmondson1234/gago/gago/requests.go:165.2,165.15 1 104
github.com/MarkEdmondson1234/gago/gago/requests.go:152.16,154.3 1 0
github.com/MarkEdmondson1234/gago/gago/requests.go:156.19,158.3 1 0
github.com/MarkEdmondson1234/gago/gago/requests.go:160.13,163.3 2 0
